Arguments: 
  D:\software\nvm\setup\node.exe C:\Users\MY MSI\AppData\Roaming\npm\node_modules\yarn\bin\yarn.js init

PATH: 
  C:\Users\MY MSI\bin;D:\software\git\Git\mingw64\bin;D:\software\git\Git\usr\local\bin;D:\software\git\Git\usr\bin;D:\software\git\Git\usr\bin;D:\software\git\Git\mingw64\bin;D:\software\git\Git\usr\bin;C:\Users\MY MSI\bin;C:\Windows\system32;C:\Windows;C:\Windows\System32\Wbem;C:\Windows\System32\WindowsPowerShell\v1.0;C:\Windows\System32\OpenSSH;C:\Program Files (x86)\NVIDIA Corporation\PhysX\Common;C:\Program Files\NVIDIA Corporation\NVIDIA NvDLISR;D:\software\git\Git\cmd;C:\Program Files\Docker\Docker\resources\bin;C:\ProgramData\DockerDesktop\version-bin;D:\software\putty;C:\ProgramData\chocolatey\bin;C:\Program Files\OpenJDK\openjdk-8u292-b10\bin;D:\software\nvm\nvm;D:\software\nvm\setup;C:\Users\MY MSI\AppData\Local\Microsoft\WindowsApps;D:\software\webstorm\WebStorm 2021.1.1\bin;C:\Users\MY MSI\AppData\Roaming\npm;D:\software\xampp\install\php;D:\software\composer;C:\Users\MY MSI\.windows-build-tools\python27;C:\Users\MY MSI\AppData\Roaming\Composer\vendor\bin;D:\software\androidstudio\sdk\platform-tools;D:\software\ffmpeg\ffmpeg\bin;D:\software\nvm\nvm;D:\software\nvm\setup;D:\software\git\Git\usr\bin\vendor_perl;D:\software\git\Git\usr\bin\core_perl

Yarn version: 
  1.22.11

Node version: 
  16.12.0

Platform: 
  win32 x64

Trace: 
  Error: Can't answer a question unless a user TTY
      at ConsoleReporter.question (C:\Users\MY MSI\AppData\Roaming\npm\node_modules\yarn\lib\cli.js:96815:59)
      at Object.<anonymous> (C:\Users\MY MSI\AppData\Roaming\npm\node_modules\yarn\lib\cli.js:89088:38)
      at Generator.next (<anonymous>)
      at step (C:\Users\MY MSI\AppData\Roaming\npm\node_modules\yarn\lib\cli.js:310:30)
      at C:\Users\MY MSI\AppData\Roaming\npm\node_modules\yarn\lib\cli.js:321:13

npm manifest: 
  No manifest

yarn manifest: 
  No manifest

Lockfile: 
  No lockfile
